<?xml version="1.0" encoding="utf-8"?><testsuites name="pytest tests"><testsuite name="pytest" errors="0" failures="0" skipped="0" tests="15" time="2.280" timestamp="2026-03-03T17:30:07.971129+00:00" hostname="agent-env-d7bdd760-27bf-42bd-bbd6-36dcd20cb4f5"><testcase classname="backend.tests.test_v145_mission.TestHealthAndBasics" name="test_health_check" time="0.162" /><testcase classname="backend.tests.test_v145_mission.TestAntiRegression" name="test_contacts_count" time="0.121" /><testcase classname="backend.tests.test_v145_mission.TestAntiRegression" name="test_reservations_count" time="0.103" /><testcase classname="backend.tests.test_v145_mission.TestCampaignsMediaUrl" name="test_campaigns_endpoint_exists" time="0.096" /><testcase classname="backend.tests.test_v145_mission.TestCampaignsMediaUrl" name="test_create_campaign_with_media_url" time="0.257" /><testcase classname="backend.tests.test_v145_mission.TestCampaignsMediaUrl" name="test_campaign_with_cta_and_media" time="0.220" /><testcase classname="backend.tests.test_v145_mission.TestChatSessions" name="test_chat_sessions_endpoint" time="0.124" /><testcase classname="backend.tests.test_v145_mission.TestChatSessions" name="test_chat_links_endpoint" time="0.151" /><testcase classname="backend.tests.test_v145_mission.TestChatSessions" name="test_chat_session_has_title_field" time="0.117" /><testcase classname="backend.tests.test_v145_mission.TestPromoCodesEndpoint" name="test_discount_codes_endpoint" time="0.125" /><testcase classname="backend.tests.test_v145_mission.TestDateFormatFrCH" name="test_offers_dates" time="0.119" /><testcase classname="backend.tests.test_v145_mission.TestDateFormatFrCH" name="test_reservations_have_dates" time="0.111" /><testcase classname="backend.tests.test_v145_mission.TestSchedulerEngine" name="test_scheduler_status_endpoint" time="0.144" /><testcase classname="backend.tests.test_v145_mission.TestSchedulerEngine" name="test_scheduled_campaign_creation" time="0.218" /><testcase classname="backend.tests.test_v145_mission.TestCRMSectionBackend" name="test_conversations_endpoint" time="0.137" /></testsuite></testsuites>