<?xml version="1.0" encoding="utf-8"?><testsuites name="pytest tests"><testsuite name="pytest" errors="0" failures="0" skipped="0" tests="13" time="1.959" timestamp="2026-03-03T11:33:10.949116+00:00" hostname="agent-env-cbb3a969-4028-4084-810b-91ccd5f3a7a4"><testcase classname="backend.tests.test_v114_mission.TestHealthEndpoint" name="test_health_endpoint" time="0.197" /><testcase classname="backend.tests.test_v114_mission.TestAntiRegression" name="test_reservations_not_deleted" time="0.114" /><testcase classname="backend.tests.test_v114_mission.TestAntiRegression" name="test_contacts_not_deleted" time="0.133" /><testcase classname="backend.tests.test_v114_mission.TestSubscriptionValidation" name="test_validate_discount_code_creates_subscription" time="0.108" /><testcase classname="backend.tests.test_v114_mission.TestSubscriptionValidation" name="test_validate_invalid_code" time="0.096" /><testcase classname="backend.tests.test_v114_mission.TestSubscriptionStatus" name="test_get_subscription_status" time="0.133" /><testcase classname="backend.tests.test_v114_mission.TestSubscriptionStatus" name="test_get_subscription_status_no_subscription" time="0.097" /><testcase classname="backend.tests.test_v114_mission.TestSubscriptionStatus" name="test_get_subscription_status_missing_params" time="0.113" /><testcase classname="backend.tests.test_v114_mission.TestSubscriptionDeduction" name="test_deduct_session" time="0.236" /><testcase classname="backend.tests.test_v114_mission.TestSubscriptionDeduction" name="test_deduct_session_missing_email" time="0.107" /><testcase classname="backend.tests.test_v114_mission.TestReservationAutoDeduction" name="test_reservation_with_promo_code" time="0.112" /><testcase classname="backend.tests.test_v114_mission.TestReservationAutoDeduction" name="test_reservation_deducts_session" time="0.312" /><testcase classname="backend.tests.test_v114_mission.TestDiscountCodesAPI" name="test_get_discount_codes" time="0.124" /></testsuite></testsuites>