<?xml version="1.0" encoding="utf-8"?><testsuites name="pytest tests"><testsuite name="pytest" errors="0" failures="0" skipped="0" tests="19" time="2.727" timestamp="2026-03-03T17:48:09.789333+00:00" hostname="agent-env-d7bdd760-27bf-42bd-bbd6-36dcd20cb4f5"><testcase classname="backend.tests.test_v147_mission.TestHealthAndBasics" name="test_health_endpoint" time="0.160" /><testcase classname="backend.tests.test_v147_mission.TestCoachIdFiltering" name="test_chat_sessions_super_admin_sees_all" time="0.147" /><testcase classname="backend.tests.test_v147_mission.TestCoachIdFiltering" name="test_chat_sessions_partner_filtered" time="0.106" /><testcase classname="backend.tests.test_v147_mission.TestCoachIdFiltering" name="test_conversations_super_admin_sees_all" time="0.127" /><testcase classname="backend.tests.test_v147_mission.TestCoachIdFiltering" name="test_conversations_partner_filtered" time="0.134" /><testcase classname="backend.tests.test_v147_mission.TestCoachIdFiltering" name="test_chat_participants_super_admin_sees_all" time="0.122" /><testcase classname="backend.tests.test_v147_mission.TestCoachIdFiltering" name="test_chat_participants_partner_filtered" time="0.152" /><testcase classname="backend.tests.test_v147_mission.TestGenerateLink" name="test_generate_link_super_admin" time="0.140" /><testcase classname="backend.tests.test_v147_mission.TestGenerateLink" name="test_generate_link_partner" time="0.113" /><testcase classname="backend.tests.test_v147_mission.TestCampaignScheduler" name="test_create_scheduled_campaign" time="0.210" /><testcase classname="backend.tests.test_v147_mission.TestCampaignScheduler" name="test_campaigns_list_endpoint" time="0.151" /><testcase classname="backend.tests.test_v147_mission.TestAntiRegression" name="test_contacts_minimum_count" time="0.125" /><testcase classname="backend.tests.test_v147_mission.TestAntiRegression" name="test_reservations_endpoint" time="0.120" /><testcase classname="backend.tests.test_v147_mission.TestAntiRegression" name="test_offers_minimum_count" time="0.143" /><testcase classname="backend.tests.test_v147_mission.TestAntiRegression" name="test_courses_endpoint" time="0.124" /><testcase classname="backend.tests.test_v147_mission.TestAntiRegression" name="test_discount_codes_endpoint" time="0.120" /><testcase classname="backend.tests.test_v147_mission.TestCoachVitrineSearch" name="test_coach_vitrine_endpoint" time="0.121" /><testcase classname="backend.tests.test_v147_mission.TestCoachVitrineSearch" name="test_offers_have_keywords_field" time="0.108" /><testcase classname="backend.tests.test_v147_mission.TestMediaAndObjectFit" name="test_campaign_media_url_persisted" time="0.185" /></testsuite></testsuites>