<?xml version="1.0" encoding="utf-8"?><testsuites name="pytest tests"><testsuite name="pytest" errors="0" failures="1" skipped="0" tests="13" time="2.044" timestamp="2026-03-01T01:30:30.271184+00:00" hostname="agent-env-e6f8d9f5-976e-44c3-bb3a-6e1af0927159"><testcase classname="backend.tests.test_v969_mission.TestPartnersActiveAPI" name="test_partners_active_returns_list" time="0.306" /><testcase classname="backend.tests.test_v969_mission.TestPartnersActiveAPI" name="test_partners_are_unique_by_email" time="0.160" /><testcase classname="backend.tests.test_v969_mission.TestPartnersActiveAPI" name="test_partners_have_unique_ids" time="0.118" /><testcase classname="backend.tests.test_v969_mission.TestPartnersActiveAPI" name="test_partners_have_required_fields" time="0.118" /><testcase classname="backend.tests.test_v969_mission.TestCheckPartnerAPI" name="test_super_admin_returns_partner_true" time="0.103" /><testcase classname="backend.tests.test_v969_mission.TestCheckPartnerAPI" name="test_second_super_admin_returns_partner_true" time="0.121" /><testcase classname="backend.tests.test_v969_mission.TestCheckPartnerAPI" name="test_non_partner_returns_false" time="0.119" /><testcase classname="backend.tests.test_v969_mission.TestCheckPartnerAPI" name="test_email_case_insensitivity" time="0.219" /><testcase classname="backend.tests.test_v969_mission.TestHealthAndCredits" name="test_health_endpoint" time="0.114"><failure message="AssertionError: assert 'healthy' == 'ok'&#10;  &#10;  - ok&#10;  + healthy">backend/tests/test_v969_mission.py:137: in test_health_endpoint
    assert data.get("status") == "ok"
E   AssertionError: assert 'healthy' == 'ok'
E     
E     - ok
E     + healthy</failure></testcase><testcase classname="backend.tests.test_v969_mission.TestHealthAndCredits" name="test_credits_check_with_super_admin" time="0.105" /><testcase classname="backend.tests.test_v969_mission.TestHealthAndCredits" name="test_credits_check_without_email" time="0.114" /><testcase classname="backend.tests.test_v969_mission.TestPartnerRedirectionLogic" name="test_partner_check_returns_required_fields" time="0.138" /><testcase classname="backend.tests.test_v969_mission.TestPartnerRedirectionLogic" name="test_partner_data_consistency" time="0.217" /></testsuite></testsuites>