<?xml version="1.0" encoding="utf-8"?><testsuites name="pytest tests"><testsuite name="pytest" errors="0" failures="1" skipped="0" tests="15" time="0.854" timestamp="2026-03-01T13:44:48.597926+00:00" hostname="agent-env-e6f8d9f5-976e-44c3-bb3a-6e1af0927159"><testcase classname="backend.tests.test_v105_mission.TestMissionV105Backend" name="test_health_endpoint" time="0.254" /><testcase classname="backend.tests.test_v105_mission.TestMissionV105Backend" name="test_partners_active_endpoint" time="0.148" /><testcase classname="backend.tests.test_v105_mission.TestMissionV105Backend" name="test_courses_endpoint" time="0.103" /><testcase classname="backend.tests.test_v105_mission.TestMissionV105Backend" name="test_offers_endpoint" time="0.113" /><testcase classname="backend.tests.test_v105_mission.TestMissionV105Backend" name="test_concept_endpoint" time="0.135" /><testcase classname="backend.tests.test_v105_mission.TestMissionV105FrontendCode" name="test_maintenance_toggle_has_violet_glow" time="0.002" /><testcase classname="backend.tests.test_v105_mission.TestMissionV105FrontendCode" name="test_maintenance_toggle_has_violet_gradient" time="0.001" /><testcase classname="backend.tests.test_v105_mission.TestMissionV105FrontendCode" name="test_maintenance_toggle_data_testid" time="0.002" /><testcase classname="backend.tests.test_v105_mission.TestMissionV105FrontendCode" name="test_admin_button_h10" time="0.002" /><testcase classname="backend.tests.test_v105_mission.TestMissionV105FrontendCode" name="test_stripe_button_h10" time="0.002" /><testcase classname="backend.tests.test_v105_mission.TestMissionV105FrontendCode" name="test_partager_button_h10" time="0.002" /><testcase classname="backend.tests.test_v105_mission.TestMissionV105FrontendCode" name="test_retour_button_h10" time="0.003"><failure message="AssertionError: h-10 not found near coach-back button&#10;assert 'h-10' in '              style={{ \n                background: \'linear-gradient(135deg, rgba(139, 92, 246, 0.6), rgba(217, 28, 210, 0.4))\',\n                border: \'1px solid rgba(217, 28, 210, 0.3)\',\n                boxShadow: \'0 0 10px rgba(217, 28, 210, 0.2)\'\n              }}\n              data-testid=&quot;coach-back&quot;'">backend/tests/test_v105_mission.py:124: in test_retour_button_h10
    assert 'h-10' in context, f"h-10 not found near coach-back button"
E   AssertionError: h-10 not found near coach-back button
E   assert 'h-10' in '              style={{ \n                background: \'linear-gradient(135deg, rgba(139, 92, 246, 0.6), rgba(217, 28, 210, 0.4))\',\n                border: \'1px solid rgba(217, 28, 210, 0.3)\',\n                boxShadow: \'0 0 10px rgba(217, 28, 210, 0.2)\'\n              }}\n              data-testid="coach-back"'</failure></testcase><testcase classname="backend.tests.test_v105_mission.TestMissionV105FrontendCode" name="test_dashboard_buttons_gap3" time="0.002" /><testcase classname="backend.tests.test_v105_mission.TestMissionV105FrontendCode" name="test_like_button_violet_glow" time="0.000" /><testcase classname="backend.tests.test_v105_mission.TestMissionV105FrontendCode" name="test_like_button_fill_violet" time="0.000" /></testsuite></testsuites>