<?xml version="1.0" encoding="utf-8"?><testsuites name="pytest tests"><testsuite name="pytest" errors="0" failures="0" skipped="0" tests="10" time="1.343" timestamp="2026-03-01T12:22:56.215599+00:00" hostname="agent-env-e6f8d9f5-976e-44c3-bb3a-6e1af0927159"><testcase classname="backend.tests.test_v100_mission.TestPartnersActiveAPI" name="test_partners_active_returns_list" time="0.194" /><testcase classname="backend.tests.test_v100_mission.TestPartnersActiveAPI" name="test_partners_are_unique_by_email" time="0.157" /><testcase classname="backend.tests.test_v100_mission.TestPartnersActiveAPI" name="test_partners_have_unique_ids" time="0.140" /><testcase classname="backend.tests.test_v100_mission.TestPartnersActiveAPI" name="test_partners_have_required_fields" time="0.112" /><testcase classname="backend.tests.test_v100_mission.TestPartnersActiveAPI" name="test_super_admin_bassi_is_partner" time="0.109" /><testcase classname="backend.tests.test_v100_mission.TestPartnersActiveAPI" name="test_partner_videos_have_valid_urls" time="0.145" /><testcase classname="backend.tests.test_v100_mission.TestHealthEndpoint" name="test_health_endpoint" time="0.099" /><testcase classname="backend.tests.test_v100_mission.TestCoachesEndpoint" name="test_users_endpoint" time="0.111" /><testcase classname="backend.tests.test_v100_mission.TestCoachesEndpoint" name="test_offers_endpoint" time="0.112" /><testcase classname="backend.tests.test_v100_mission.TestCoachesEndpoint" name="test_courses_endpoint" time="0.100" /></testsuite></testsuites>