<?xml version="1.0" encoding="utf-8"?><testsuites name="pytest tests"><testsuite name="pytest" errors="0" failures="0" skipped="0" tests="12" time="1.466" timestamp="2026-03-03T13:32:08.248418+00:00" hostname="agent-env-cbb3a969-4028-4084-810b-91ccd5f3a7a4"><testcase classname="backend.tests.test_v131_mission.TestPlatformSettings" name="test_platform_settings_returns_service_prices" time="0.174" /><testcase classname="backend.tests.test_v131_mission.TestPlatformSettings" name="test_platform_settings_service_prices_values" time="0.109" /><testcase classname="backend.tests.test_v131_mission.TestPlatformSettings" name="test_super_admin_identified_correctly" time="0.105" /><testcase classname="backend.tests.test_v131_mission.TestSuperAdminCoachProfile" name="test_super_admin_has_unlimited_credits" time="0.111" /><testcase classname="backend.tests.test_v131_mission.TestAntiRegression" name="test_reservations_count_minimum_22" time="0.156" /><testcase classname="backend.tests.test_v131_mission.TestAntiRegression" name="test_contacts_exist" time="0.109" /><testcase classname="backend.tests.test_v131_mission.TestAntiRegression" name="test_concept_endpoint_works" time="0.113" /><testcase classname="backend.tests.test_v131_mission.TestAntiRegression" name="test_offers_endpoint_works" time="0.121" /><testcase classname="backend.tests.test_v131_mission.TestAntiRegression" name="test_courses_endpoint_works" time="0.142" /><testcase classname="backend.tests.test_v131_mission.TestCreditsDeduction" name="test_credits_deduct_endpoint_exists" time="0.128" /><testcase classname="backend.tests.test_v131_mission.TestCreditPacksAndBoutique" name="test_credit_packs_endpoint_returns_packs" time="0.127" /><testcase classname="backend.tests.test_v131_mission.TestFrontendCodeReviewValidation" name="test_mock_hasCreditsFor_logic" time="0.000" /></testsuite></testsuites>