<?xml version="1.0" encoding="utf-8"?><testsuites name="pytest tests"><testsuite name="pytest" errors="0" failures="0" skipped="0" tests="18" time="2.540" timestamp="2026-03-04T06:52:35.456187+00:00" hostname="agent-env-d7bdd760-27bf-42bd-bbd6-36dcd20cb4f5"><testcase classname="backend.tests.test_v150_mission.TestHealthCheck" name="test_health_endpoint" time="0.250" /><testcase classname="backend.tests.test_v150_mission.TestSmartEntryParticipantName" name="test_smart_entry_creates_session_with_name" time="0.112" /><testcase classname="backend.tests.test_v150_mission.TestSmartEntryParticipantName" name="test_smart_entry_updates_existing_session_name" time="0.254" /><testcase classname="backend.tests.test_v150_mission.TestSmartEntryParticipantName" name="test_smart_entry_requires_name" time="0.106" /><testcase classname="backend.tests.test_v150_mission.TestSmartEntryLinkToken" name="test_generate_link_and_smart_entry" time="0.250" /><testcase classname="backend.tests.test_v150_mission.TestChatSessionsWithParticipantName" name="test_chat_sessions_list_with_super_admin" time="0.165" /><testcase classname="backend.tests.test_v150_mission.TestEtancheiteCoachId" name="test_super_admin_sees_all_sessions" time="0.126" /><testcase classname="backend.tests.test_v150_mission.TestEtancheiteCoachId" name="test_super_admin_sees_all_contacts" time="0.152" /><testcase classname="backend.tests.test_v150_mission.TestEtancheiteCoachId" name="test_partner_filtered_sessions" time="0.115" /><testcase classname="backend.tests.test_v150_mission.TestCampaignMessagesInsertion" name="test_campaign_with_internal_channel_creates_messages" time="0.143" /><testcase classname="backend.tests.test_v150_mission.TestAntiRegression" name="test_contacts_minimum_count" time="0.152" /><testcase classname="backend.tests.test_v150_mission.TestAntiRegression" name="test_reservations_endpoint" time="0.106" /><testcase classname="backend.tests.test_v150_mission.TestAntiRegression" name="test_courses_endpoint" time="0.102" /><testcase classname="backend.tests.test_v150_mission.TestAntiRegression" name="test_offers_endpoint" time="0.109" /><testcase classname="backend.tests.test_v150_mission.TestAntiRegression" name="test_discount_codes_endpoint" time="0.102" /><testcase classname="backend.tests.test_v150_mission.TestAntiRegression" name="test_platform_settings_endpoint" time="0.107" /><testcase classname="backend.tests.test_v150_mission.TestAntiRegression" name="test_coach_vitrine_endpoint" time="0.106" /><testcase classname="backend.tests.test_v150_mission.TestCalendarDateFix" name="test_calendar_date_logic" time="0.000" /></testsuite></testsuites>