<?xml version="1.0" encoding="utf-8"?><testsuites name="pytest tests"><testsuite name="pytest" errors="0" failures="0" skipped="0" tests="15" time="0.737" timestamp="2026-03-01T13:45:06.012767+00:00" hostname="agent-env-e6f8d9f5-976e-44c3-bb3a-6e1af0927159"><testcase classname="backend.tests.test_v105_mission.TestMissionV105Backend" name="test_health_endpoint" time="0.180" /><testcase classname="backend.tests.test_v105_mission.TestMissionV105Backend" name="test_partners_active_endpoint" time="0.111" /><testcase classname="backend.tests.test_v105_mission.TestMissionV105Backend" name="test_courses_endpoint" time="0.134" /><testcase classname="backend.tests.test_v105_mission.TestMissionV105Backend" name="test_offers_endpoint" time="0.115" /><testcase classname="backend.tests.test_v105_mission.TestMissionV105Backend" name="test_concept_endpoint" time="0.119" /><testcase classname="backend.tests.test_v105_mission.TestMissionV105FrontendCode" name="test_maintenance_toggle_has_violet_glow" time="0.002" /><testcase classname="backend.tests.test_v105_mission.TestMissionV105FrontendCode" name="test_maintenance_toggle_has_violet_gradient" time="0.001" /><testcase classname="backend.tests.test_v105_mission.TestMissionV105FrontendCode" name="test_maintenance_toggle_data_testid" time="0.001" /><testcase classname="backend.tests.test_v105_mission.TestMissionV105FrontendCode" name="test_admin_button_h10" time="0.002" /><testcase classname="backend.tests.test_v105_mission.TestMissionV105FrontendCode" name="test_stripe_button_h10" time="0.001" /><testcase classname="backend.tests.test_v105_mission.TestMissionV105FrontendCode" name="test_partager_button_h10" time="0.001" /><testcase classname="backend.tests.test_v105_mission.TestMissionV105FrontendCode" name="test_retour_button_h10" time="0.002" /><testcase classname="backend.tests.test_v105_mission.TestMissionV105FrontendCode" name="test_dashboard_buttons_gap3" time="0.001" /><testcase classname="backend.tests.test_v105_mission.TestMissionV105FrontendCode" name="test_like_button_violet_glow" time="0.000" /><testcase classname="backend.tests.test_v105_mission.TestMissionV105FrontendCode" name="test_like_button_fill_violet" time="0.000" /></testsuite></testsuites>