<?xml version="1.0" encoding="utf-8"?><testsuites name="pytest tests"><testsuite name="pytest" errors="0" failures="0" skipped="0" tests="18" time="2.099" timestamp="2026-03-04T07:10:16.313682+00:00" hostname="agent-env-d7bdd760-27bf-42bd-bbd6-36dcd20cb4f5"><testcase classname="backend.tests.test_v151_mission.TestHealthAndAntiRegression" name="test_health_endpoint" time="0.126" /><testcase classname="backend.tests.test_v151_mission.TestHealthAndAntiRegression" name="test_anti_regression_contacts_count" time="0.099" /><testcase classname="backend.tests.test_v151_mission.TestHealthAndAntiRegression" name="test_anti_regression_reservations_count" time="0.104" /><testcase classname="backend.tests.test_v151_mission.TestHealthAndAntiRegression" name="test_courses_endpoint" time="0.104" /><testcase classname="backend.tests.test_v151_mission.TestHealthAndAntiRegression" name="test_offers_endpoint" time="0.100" /><testcase classname="backend.tests.test_v151_mission.TestSuperAdminBypass" name="test_is_super_admin_check" time="0.093" /><testcase classname="backend.tests.test_v151_mission.TestSuperAdminBypass" name="test_super_admin_sees_all_sessions" time="0.126" /><testcase classname="backend.tests.test_v151_mission.TestSuperAdminBypass" name="test_super_admin_sees_all_reservations" time="0.098" /><testcase classname="backend.tests.test_v151_mission.TestSuperAdminBypass" name="test_super_admin_sees_all_discount_codes" time="0.100" /><testcase classname="backend.tests.test_v151_mission.TestCustomPromptLinkChat" name="test_create_link_with_custom_prompt" time="0.099" /><testcase classname="backend.tests.test_v151_mission.TestCustomPromptLinkChat" name="test_chat_session_loads_custom_prompt" time="0.218" /><testcase classname="backend.tests.test_v151_mission.TestCampaignMessagesInsertion" name="test_campaign_create" time="0.106" /><testcase classname="backend.tests.test_v151_mission.TestCampaignMessagesInsertion" name="test_campaigns_list" time="0.102" /><testcase classname="backend.tests.test_v151_mission.TestChatSessionsWithSource" name="test_sessions_return_participant_name" time="0.123" /><testcase classname="backend.tests.test_v151_mission.TestChatSessionsWithSource" name="test_sessions_return_title_as_source" time="0.115" /><testcase classname="backend.tests.test_v151_mission.TestCoachVitrine" name="test_vitrine_endpoint" time="0.104" /><testcase classname="backend.tests.test_v151_mission.TestSmartEntry" name="test_smart_entry_creates_session" time="0.111" /><testcase classname="backend.tests.test_v151_mission.TestPlatformSettings" name="test_platform_settings_endpoint" time="0.098" /></testsuite></testsuites>