<?xml version="1.0" encoding="utf-8"?><testsuites name="pytest tests"><testsuite name="pytest" errors="0" failures="0" skipped="0" tests="8" time="1.559" timestamp="2026-03-03T15:30:54.596409+00:00" hostname="agent-env-9a8c3932-8aeb-4b99-a293-cb286d9b5078"><testcase classname="tests.test_v137_mission.TestAntiRegression" name="test_reservations_count_is_22" time="0.147" /><testcase classname="tests.test_v137_mission.TestAntiRegression" name="test_contacts_count_is_7" time="0.107" /><testcase classname="tests.test_v137_mission.TestPromoCodesAPI" name="test_discount_codes_endpoint_works" time="0.112" /><testcase classname="tests.test_v137_mission.TestPromoCodesAPI" name="test_discount_codes_have_active_field" time="0.109" /><testcase classname="tests.test_v137_mission.TestPromoCodesAPI" name="test_toggle_discount_code_active" time="0.549" /><testcase classname="tests.test_v137_mission.TestChatSessionsAPI" name="test_chat_sessions_endpoint_works" time="0.103" /><testcase classname="tests.test_v137_mission.TestChatSessionsAPI" name="test_chat_sessions_dates_valid" time="0.117" /><testcase classname="tests.test_v137_mission.TestChatMessagesAPI" name="test_messages_have_content_field" time="0.264" /></testsuite></testsuites>