<?xml version="1.0" encoding="utf-8"?><testsuites name="pytest tests"><testsuite name="pytest" errors="0" failures="0" skipped="0" tests="11" time="2.316" timestamp="2026-03-03T16:04:17.679852+00:00" hostname="agent-env-d7bdd760-27bf-42bd-bbd6-36dcd20cb4f5"><testcase classname="backend.tests.test_v138_mission.TestPromoCodesAPI" name="test_get_discount_codes" time="0.191" /><testcase classname="backend.tests.test_v138_mission.TestPromoCodesAPI" name="test_toggle_code_active_status" time="0.440" /><testcase classname="backend.tests.test_v138_mission.TestPromoCodesAPI" name="test_code_has_required_fields_for_edit" time="0.112" /><testcase classname="backend.tests.test_v138_mission.TestPromoCodesAPI" name="test_create_and_delete_code" time="0.532" /><testcase classname="backend.tests.test_v138_mission.TestChatConversationsAPI" name="test_get_chat_sessions" time="0.115" /><testcase classname="backend.tests.test_v138_mission.TestChatConversationsAPI" name="test_chat_messages_have_content" time="0.210" /><testcase classname="backend.tests.test_v138_mission.TestAntiRegression" name="test_reservations_endpoint" time="0.155" /><testcase classname="backend.tests.test_v138_mission.TestAntiRegression" name="test_users_endpoint" time="0.113" /><testcase classname="backend.tests.test_v138_mission.TestPromoCodeFormFields" name="test_code_has_expires_at_field" time="0.138" /><testcase classname="backend.tests.test_v138_mission.TestPromoCodeFormFields" name="test_code_has_max_uses_field" time="0.119" /><testcase classname="backend.tests.test_v138_mission.TestPromoCodeFormFields" name="test_code_has_assigned_emails_or_email" time="0.120" /></testsuite></testsuites>