<?xml version="1.0" encoding="utf-8"?><testsuites name="pytest tests"><testsuite name="pytest" errors="0" failures="0" skipped="0" tests="13" time="1.962" timestamp="2026-03-01T01:30:41.828294+00:00" hostname="agent-env-e6f8d9f5-976e-44c3-bb3a-6e1af0927159"><testcase classname="backend.tests.test_v969_mission.TestPartnersActiveAPI" name="test_partners_active_returns_list" time="0.133" /><testcase classname="backend.tests.test_v969_mission.TestPartnersActiveAPI" name="test_partners_are_unique_by_email" time="0.114" /><testcase classname="backend.tests.test_v969_mission.TestPartnersActiveAPI" name="test_partners_have_unique_ids" time="0.118" /><testcase classname="backend.tests.test_v969_mission.TestPartnersActiveAPI" name="test_partners_have_required_fields" time="0.118" /><testcase classname="backend.tests.test_v969_mission.TestCheckPartnerAPI" name="test_super_admin_returns_partner_true" time="0.111" /><testcase classname="backend.tests.test_v969_mission.TestCheckPartnerAPI" name="test_second_super_admin_returns_partner_true" time="0.113" /><testcase classname="backend.tests.test_v969_mission.TestCheckPartnerAPI" name="test_non_partner_returns_false" time="0.165" /><testcase classname="backend.tests.test_v969_mission.TestCheckPartnerAPI" name="test_email_case_insensitivity" time="0.302" /><testcase classname="backend.tests.test_v969_mission.TestHealthAndCredits" name="test_health_endpoint" time="0.108" /><testcase classname="backend.tests.test_v969_mission.TestHealthAndCredits" name="test_credits_check_with_super_admin" time="0.118" /><testcase classname="backend.tests.test_v969_mission.TestHealthAndCredits" name="test_credits_check_without_email" time="0.141" /><testcase classname="backend.tests.test_v969_mission.TestPartnerRedirectionLogic" name="test_partner_check_returns_required_fields" time="0.133" /><testcase classname="backend.tests.test_v969_mission.TestPartnerRedirectionLogic" name="test_partner_data_consistency" time="0.221" /></testsuite></testsuites>