<?xml version="1.0" encoding="utf-8"?><testsuites name="pytest tests"><testsuite name="pytest" errors="0" failures="0" skipped="0" tests="13" time="1.174" timestamp="2026-03-01T13:33:47.116275+00:00" hostname="agent-env-e6f8d9f5-976e-44c3-bb3a-6e1af0927159"><testcase classname="backend.tests.test_v104_mission.TestMissionV104" name="test_health_endpoint" time="0.214" /><testcase classname="backend.tests.test_v104_mission.TestMissionV104" name="test_partners_active_endpoint" time="0.136" /><testcase classname="backend.tests.test_v104_mission.TestMissionV104" name="test_partners_have_required_fields" time="0.145" /><testcase classname="backend.tests.test_v104_mission.TestMissionV104" name="test_courses_endpoint" time="0.146" /><testcase classname="backend.tests.test_v104_mission.TestMissionV104" name="test_offers_endpoint" time="0.105" /><testcase classname="backend.tests.test_v104_mission.TestMissionV104" name="test_concept_endpoint" time="0.128" /><testcase classname="backend.tests.test_v104_mission.TestMissionV104" name="test_validate_code_endpoint_exists" time="0.116" /><testcase classname="backend.tests.test_v104_mission.TestMissionV104" name="test_check_reservation_eligibility_endpoint" time="0.110" /><testcase classname="backend.tests.test_v104_mission.TestCodeVerificationV104" name="test_chatwidget_message_fallback_robuste" time="0.001" /><testcase classname="backend.tests.test_v104_mission.TestCodeVerificationV104" name="test_chatwidget_reservation_close_button" time="0.001" /><testcase classname="backend.tests.test_v104_mission.TestCodeVerificationV104" name="test_chatwidget_localstorage_keys_defined" time="0.001" /><testcase classname="backend.tests.test_v104_mission.TestCodeVerificationV104" name="test_coachdashboard_back_button_violet_gradient" time="0.002" /><testcase classname="backend.tests.test_v104_mission.TestCodeVerificationV104" name="test_header_icons_gap_class" time="0.001" /></testsuite></testsuites>