<?xml version="1.0" encoding="utf-8"?><testsuites name="pytest tests"><testsuite name="pytest" errors="0" failures="0" skipped="0" tests="17" time="2.267" timestamp="2026-03-03T14:34:25.652498+00:00" hostname="agent-env-9a8c3932-8aeb-4b99-a293-cb286d9b5078"><testcase classname="tests.test_v135_mission.TestAntiRegression" name="test_reservations_count_22" time="0.146" /><testcase classname="tests.test_v135_mission.TestAntiRegression" name="test_contacts_count_7" time="0.100" /><testcase classname="tests.test_v135_mission.TestAPIEndpoints" name="test_health_check" time="0.116" /><testcase classname="tests.test_v135_mission.TestAPIEndpoints" name="test_courses_endpoint" time="0.117" /><testcase classname="tests.test_v135_mission.TestAPIEndpoints" name="test_offers_endpoint" time="0.123" /><testcase classname="tests.test_v135_mission.TestAPIEndpoints" name="test_concept_endpoint" time="0.117" /><testcase classname="tests.test_v135_mission.TestAPIEndpoints" name="test_payment_links_endpoint" time="0.119" /><testcase classname="tests.test_v135_mission.TestAPIEndpoints" name="test_discount_codes_endpoint" time="0.132" /><testcase classname="tests.test_v135_mission.TestCreditsSystem" name="test_credit_packs_endpoint" time="0.104" /><testcase classname="tests.test_v135_mission.TestCreditsSystem" name="test_platform_settings_endpoint" time="0.134" /><testcase classname="tests.test_v135_mission.TestCreditsSystem" name="test_coach_profile_endpoint" time="0.114" /><testcase classname="tests.test_v135_mission.TestStripeRoutes" name="test_stripe_credit_checkout" time="0.186" /><testcase classname="tests.test_v135_mission.TestStripeRoutes" name="test_stripe_connect_status" time="0.117" /><testcase classname="tests.test_v135_mission.TestDataIntegrity" name="test_no_500_errors_on_reservations" time="0.110" /><testcase classname="tests.test_v135_mission.TestDataIntegrity" name="test_sanitize_data_endpoint" time="0.125" /><testcase classname="tests.test_v135_mission.TestNewComponentEndpoints" name="test_payment_links_update" time="0.217" /><testcase classname="tests.test_v135_mission.TestNewComponentEndpoints" name="test_discount_codes_list" time="0.119" /></testsuite></testsuites>